<?xml version="1.0" encoding="UTF-8"?>
<!-- Generated by org.testng.reporters.JUnitXMLReporter -->
<testsuite hostname="DESKTOP-TEA6TKC" ignored="1" name="Test" tests="1" failures="1" timestamp="2021-01-28T10:59:41 IST" time="5.113" errors="0">
  <testcase name="testcase1" time="0.018" classname="AppiumFramework.Demos">
    <failure type="java.lang.NullPointerException">
      <![CDATA[java.lang.NullPointerException
at AppiumFramework.Demos.testcase1(Demos.java:44)
at java.util.ArrayList.forEach(Unknown Source)
... Removed 27 stack frames]]>
    </failure>
  </testcase> <!-- testcase1 -->
  <testcase name="testcase2" time="0.0" classname="AppiumFramework.Demos">
    <ignored/>
  </testcase> <!-- testcase2 -->
</testsuite> <!-- Test -->
